<?xml version="1.0" encoding="UTF-8"?>
<!-- Generated by org.testng.reporters.JUnitXMLReporter -->
<testsuite ignored="0" hostname="LAPTOP-B7D7A074" failures="1" tests="2" name="Wild Cart Login Testing -" time="0.179" errors="0" timestamp="27 Jan 2021 01:13:53 GMT">
  <testcase classname="com.qa.wildcart.base.BaseTest" name="@BeforeTest setup" time="0.021">
    <failure type="java.lang.NullPointerException" message="Cannot invoke &amp;quot;String.equalsIgnoreCase(String)&amp;quot; because &amp;quot;browsername&amp;quot; is null">
      <![CDATA[java.lang.NullPointerException: Cannot invoke "String.equalsIgnoreCase(String)" because "browsername" is null
at com.qa.wildcart.base.BasePage.initl_driver(BasePage.java:41)
at com.qa.wildcart.base.BaseTest.setup(BaseTest.java:41)
... Removed 24 stack frames]]>
    </failure>
  </testcase> <!-- @BeforeTest setup -->
  <testcase classname="com.qa.wildcart.base.BaseTest" name="@AfterTest closeBrowser" time="0.0">
    <skipped/>
  </testcase> <!-- @AfterTest closeBrowser -->
  <testcase classname="com.qa.wildcart.test.LoginPageTest" name="verifySignUpLinkTest" time="0.0">
    <skipped/>
  </testcase> <!-- verifySignUpLinkTest -->
  <testcase classname="com.qa.wildcart.test.LoginPageTest" name="verifySignUpLinkTest" time="0.011">
    <failure type="java.lang.NullPointerException" message="Cannot invoke &amp;quot;org.openqa.selenium.TakesScreenshot.getScreenshotAs(org.openqa.selenium.OutputType)&amp;quot; because the return value of &amp;quot;com.qa.wildcart.base.BasePage.getDriver()&amp;quot; is null">
      <![CDATA[java.lang.NullPointerException: Cannot invoke "org.openqa.selenium.TakesScreenshot.getScreenshotAs(org.openqa.selenium.OutputType)" because the return value of "com.qa.wildcart.base.BasePage.getDriver()" is null
at com.qa.wildcart.base.BasePage.getScreenshot(BasePage.java:98)
at com.qa.wildcart.testlisteners.ExtentReportListener.onTestSkipped(ExtentReportListener.java:110)
... Removed 23 stack frames]]>
    </failure>
  </testcase> <!-- verifySignUpLinkTest -->
</testsuite> <!-- Wild Cart Login Testing - -->
