<?xml version="1.0" encoding="UTF-8"?>
<!-- Generated by org.testng.reporters.JUnitXMLReporter -->
<testsuite ignored="0" hostname="DESKTOP-ERMO56R" failures="1" tests="4" name="Wild Cart homepage Testing" time="20.121" errors="0" timestamp="11 Jan 2021 03:03:48 GMT">
  <testcase classname="com.qa.wildcart.test.HomePageTest" name="verifyHomePageTitle" time="10.18">
    <failure type="org.openqa.selenium.TimeoutException" message="Expected condition failed: waiting for title to contain &amp;quot;WildFire Cart1&amp;quot;. Current title: &amp;quot;WildFire Cart&amp;quot; (tried for 10 second(s) with 500 milliseconds interval)
Build info: version: &amp;apos;3.141.59&amp;apos;, revision: &amp;apos;e82be7d358&amp;apos;, time: &amp;apos;2018-11-14T08:17:03&amp;apos;
System info: host: &amp;apos;DESKTOP-ERMO56R&amp;apos;, ip: &amp;apos;192.168.99.1&amp;apos;, os.name: &amp;apos;Windows 10&amp;apos;, os.arch: &amp;apos;amd64&amp;apos;, os.version: &amp;apos;10.0&amp;apos;, java.version: &amp;apos;13.0.2&amp;apos;
Driver info: org.openqa.selenium.chrome.ChromeDriver
Capabilities {acceptInsecureCerts: false, browserName: chrome, browserVersion: 87.0.4280.141, chrome: {chromedriverVersion: 87.0.4280.88 (89e2380a3e36c..., userDataDir: C:\Users\vaibhav\AppData\Lo...}, goog:chromeOptions: {debuggerAddress: localhost:56882}, javascriptEnabled: true, networkConnectionEnabled: false, pageLoadStrategy: normal, platform: WINDOWS, platformName: WINDOWS, proxy: Proxy(), setWindowRect: true, strictFileInteractability: false, timeouts: {implicit: 0, pageLoad: 300000, script: 30000}, unhandledPromptBehavior: dismiss and notify, webauthn:virtualAuthenticators: true}
Session ID: de577826a6bb3a2fde26d9f71b8f3e2e">
      <![CDATA[org.openqa.selenium.TimeoutException: Expected condition failed: waiting for title to contain "WildFire Cart1". Current title: "WildFire Cart" (tried for 10 second(s) with 500 milliseconds interval)
Build info: version: '3.141.59', revision: 'e82be7d358', time: '2018-11-14T08:17:03'
System info: host: 'DESKTOP-ERMO56R', ip: '192.168.99.1', os.name: 'Windows 10', os.arch: 'amd64', os.version: '10.0', java.version: '13.0.2'
Driver info: org.openqa.selenium.chrome.ChromeDriver
Capabilities {acceptInsecureCerts: false, browserName: chrome, browserVersion: 87.0.4280.141, chrome: {chromedriverVersion: 87.0.4280.88 (89e2380a3e36c..., userDataDir: C:\Users\vaibhav\AppData\Lo...}, goog:chromeOptions: {debuggerAddress: localhost:56882}, javascriptEnabled: true, networkConnectionEnabled: false, pageLoadStrategy: normal, platform: WINDOWS, platformName: WINDOWS, proxy: Proxy(), setWindowRect: true, strictFileInteractability: false, timeouts: {implicit: 0, pageLoad: 300000, script: 30000}, unhandledPromptBehavior: dismiss and notify, webauthn:virtualAuthenticators: true}
Session ID: de577826a6bb3a2fde26d9f71b8f3e2e
at org.openqa.selenium.support.ui.WebDriverWait.timeoutException(WebDriverWait.java:95)
at org.openqa.selenium.support.ui.FluentWait.until(FluentWait.java:272)
at com.qa.wildcart.utilites.ElementUtil.doGetPageTitleWithContains(ElementUtil.java:137)
at com.qa.wildcart.pages.HomePage.getHomePageTitle(HomePage.java:29)
at com.qa.wildcart.test.HomePageTest.verifyHomePageTitle(HomePageTest.java:19)
... Removed 25 stack frames]]>
    </failure>
  </testcase> <!-- verifyHomePageTitle -->
  <testcase classname="com.qa.wildcart.test.HomePageTest" name="verifyLoggedUserTest" time="0.327"/>
  <testcase classname="com.qa.wildcart.test.HomePageTest" name="verifyProdListCount" time="0.025"/>
  <testcase classname="com.qa.wildcart.test.HomePageTest" name="verifyProdList" time="0.185"/>
</testsuite> <!-- Wild Cart homepage Testing -->
