<?xml version="1.0" encoding="UTF-8"?>
<!-- Generated by org.testng.reporters.JUnitXMLReporter -->
<testsuite ignored="0" hostname="LAPTOP-B7D7A074" failures="1" tests="2" name="Wildcart Login Testing -" time="0.249" errors="0" timestamp="27 Jan 2021 01:28:26 GMT">
  <testcase classname="com.mytest.BaseTest" name="@BeforeTest setup" time="0.0">
    <failure type="org.testng.TestNGException" message="
Parameter &amp;apos;browser&amp;apos; is required by BeforeTest on method setup but has not been marked @Optional or defined
in C:\Users\Syed-Alam\Desktop\MondayPOM202011121\MondayPOM2020WildCart\src\test\resources\testng_sanity.xml">
      <![CDATA[org.testng.TestNGException: 
Parameter 'browser' is required by BeforeTest on method setup but has not been marked @Optional or defined
in C:\Users\Syed-Alam\Desktop\MondayPOM202011121\MondayPOM2020WildCart\src\test\resources\testng_sanity.xml
... Removed 21 stack frames]]>
    </failure>
  </testcase> <!-- @BeforeTest setup -->
  <testcase classname="com.mytest.BaseTest" name="@AfterTest tearDown" time="0.0">
    <skipped/>
  </testcase> <!-- @AfterTest tearDown -->
  <testcase classname="com.mytest.LoginPageTest" name="getCRMTitleTest" time="0.0">
    <skipped/>
  </testcase> <!-- getCRMTitleTest -->
  <testcase classname="com.mytest.LoginPageTest" name="getCRMTitleTest" time="0.022">
    <failure type="java.lang.NullPointerException" message="Cannot invoke &amp;quot;org.openqa.selenium.TakesScreenshot.getScreenshotAs(org.openqa.selenium.OutputType)&amp;quot; because the return value of &amp;quot;com.qa.wildcart.base.BasePage.getDriver()&amp;quot; is null">
      <![CDATA[java.lang.NullPointerException: Cannot invoke "org.openqa.selenium.TakesScreenshot.getScreenshotAs(org.openqa.selenium.OutputType)" because the return value of "com.qa.wildcart.base.BasePage.getDriver()" is null
at com.qa.wildcart.base.BasePage.getScreenshot(BasePage.java:98)
at com.qa.wildcart.testlisteners.ExtentReportListener.onTestSkipped(ExtentReportListener.java:110)
... Removed 23 stack frames]]>
    </failure>
  </testcase> <!-- getCRMTitleTest -->
</testsuite> <!-- Wildcart Login Testing - -->
