<?xml version="1.0" encoding="UTF-8"?>
<!-- Generated by org.testng.reporters.JUnitXMLReporter -->
<testsuite ignored="0" hostname="DESKTOP-ERMO56R" failures="0" tests="3" name="LoginPage Test_FF_80" time="11.485" errors="0" timestamp="10 Jan 2021 23:12:28 GMT">
  <testcase classname="com.qa.wildcart.test.LoginPageTest" name="verifySignUpLinkTest" time="0.495"/>
  <testcase classname="com.qa.wildcart.test.LoginPageTest" name="verifyPageTitle" time="0.009"/>
  <testcase classname="com.qa.wildcart.test.LoginPageTest" name="loginTest" time="1.841"/>
</testsuite> <!-- LoginPage Test_FF_80 -->
