<?xml version="1.0" encoding="UTF-8"?>
<!-- Generated by org.testng.reporters.JUnitXMLReporter -->
<testsuite ignored="0" hostname="DESKTOP-ERMO56R" failures="0" tests="4" name="LoginPage Test_FF_83" time="12.423" errors="0" timestamp="10 Jan 2021 23:12:29 GMT">
  <testcase classname="com.qa.wildcart.test.HomePageTest" name="verifyHomePageTitle" time="0.013"/>
  <testcase classname="com.qa.wildcart.test.HomePageTest" name="verifyLoggedUserTest" time="1.123"/>
  <testcase classname="com.qa.wildcart.test.HomePageTest" name="verifyProdListCount" time="0.019"/>
  <testcase classname="com.qa.wildcart.test.HomePageTest" name="verifyProdList" time="0.196"/>
</testsuite> <!-- LoginPage Test_FF_83 -->
