<?xml version="1.0" encoding="UTF-8"?>
<testsuite xmlns:xsi="http://www.w3.org/2001/XMLSchema-instance" xsi:noNamespaceSchemaLocation="https://maven.apache.org/surefire/maven-surefire-plugin/xsd/surefire-test-report.xsd" name="com.mytest.LoginPageTest" time="1.446" tests="4" errors="0" skipped="3" failures="1">
  <properties>
[...]
</properties>
  <testcase name="setup" classname="com.mytest.LoginPageTest" time="1.087">
    <failure message="&#10;Parameter &apos;browser&apos; is required by BeforeTest on method setup but has not been marked @Optional or defined&#10;" type="org.testng.TestNGException">org.testng.TestNGException: 

Parameter 'browser' is required by BeforeTest on method setup but has not been marked @Optional or defined

</failure>
    <system-err><![CDATA[SLF4J: Failed to load class "org.slf4j.impl.StaticLoggerBinder".
SLF4J: Defaulting to no-operation (NOP) logger implementation
SLF4J: See http://www.slf4j.org/codes.html#StaticLoggerBinder for further details.
]]></system-err>
  </testcase>
  <testcase name="getCRMTitleTest" classname="com.mytest.LoginPageTest" time="0">
    <skipped message="&#10;Parameter &apos;browser&apos; is required by BeforeTest on method setup but has not been marked @Optional or defined&#10;"/>
  </testcase>
  <testcase name="getCRMTitleTest1" classname="com.mytest.LoginPageTest" time="0">
    <skipped message="&#10;Parameter &apos;browser&apos; is required by BeforeTest on method setup but has not been marked @Optional or defined&#10;"/>
  </testcase>
  <testcase name="tearDown" classname="com.mytest.LoginPageTest" time="0">
    <skipped/>
  </testcase>
</testsuite>